0 info it worked if it ends with ok
1 verbose cli [ 'node', '/usr/local/bin/npm', 'install', 'opencv' ]
2 info using npm@1.1.43
3 info using node@v0.8.3
4 verbose config file /Users/derekcaneja/.npmrc
5 verbose config file /usr/local/etc/npmrc
6 verbose config file /usr/local/lib/node_modules/npm/npmrc
7 verbose read json /Users/derekcaneja/Documents/Git/big-kc/package.json
8 warn package.json big-kc@0.0.1 No README.md file found!
9 verbose read json /Users/derekcaneja/Documents/Git/big-kc/node_modules/camelot/package.json
10 verbose read json /Users/derekcaneja/Documents/Git/big-kc/node_modules/express/package.json
11 verbose read json /Users/derekcaneja/Documents/Git/big-kc/node_modules/fs/package.json
12 verbose read json /Users/derekcaneja/Documents/Git/big-kc/node_modules/hbs/package.json
13 verbose read json /Users/derekcaneja/Documents/Git/big-kc/node_modules/imagesnap/package.json
14 verbose read json /Users/derekcaneja/Documents/Git/big-kc/node_modules/timbre/package.json
15 verbose from cache /Users/derekcaneja/Documents/Git/big-kc/package.json
16 verbose readDependencies using package.json deps
17 verbose cache add [ 'opencv', null ]
18 silly cache add name=undefined spec="opencv" args=["opencv",null]
19 verbose parsed url { pathname: 'opencv', path: 'opencv', href: 'opencv' }
20 silly lockFile 34897cde-opencv opencv
21 verbose lock opencv /Users/derekcaneja/.npm/34897cde-opencv.lock
22 silly lockFile 34897cde-opencv opencv
23 verbose addNamed [ 'opencv', '' ]
24 verbose addNamed [ null, '' ]
25 silly lockFile 4da5a9ce-opencv opencv@
26 verbose lock opencv@ /Users/derekcaneja/.npm/4da5a9ce-opencv.lock
27 silly addNameRange { name: 'opencv', range: '', hasData: false }
28 verbose url raw opencv
29 verbose url resolving [ 'https://registry.npmjs.org/', './opencv' ]
30 verbose url resolved https://registry.npmjs.org/opencv
31 info retry registry request attempt 1 at 19:25:15
32 http GET https://registry.npmjs.org/opencv
33 http 200 https://registry.npmjs.org/opencv
34 silly registry.get cb [ 200,
34 silly registry.get   { vary: 'Accept',
34 silly registry.get     server: 'CouchDB/1.2.1 (Erlang OTP/R15B03)',
34 silly registry.get     etag: '"LVZP9DRVAEDJP7DXF1POP31F"',
34 silly registry.get     date: 'Sun, 24 Mar 2013 00:25:18 GMT',
34 silly registry.get     'content-type': 'application/json',
34 silly registry.get     'content-length': '39832' } ]
35 silly addNameRange number 2 { name: 'opencv', range: '', hasData: true }
36 silly addNameRange versions [ 'opencv',
36 silly addNameRange   [ '0.0.1',
36 silly addNameRange     '0.0.2',
36 silly addNameRange     '0.0.3',
36 silly addNameRange     '0.0.4',
36 silly addNameRange     '0.0.5',
36 silly addNameRange     '0.0.6',
36 silly addNameRange     '0.0.7',
36 silly addNameRange     '0.0.8',
36 silly addNameRange     '0.0.9',
36 silly addNameRange     '0.0.10',
36 silly addNameRange     '0.0.11',
36 silly addNameRange     '0.0.12' ] ]
37 verbose addNamed [ 'opencv', '0.0.12' ]
38 verbose addNamed [ '0.0.12', '0.0.12' ]
39 silly lockFile abade6f9-opencv-0-0-12 opencv@0.0.12
40 verbose lock opencv@0.0.12 /Users/derekcaneja/.npm/abade6f9-opencv-0-0-12.lock
41 silly lockFile cd38334f-mjs-org-opencv-opencv-0-0-12-tgz https://registry.npmjs.org/opencv/-/opencv-0.0.12.tgz
42 verbose lock https://registry.npmjs.org/opencv/-/opencv-0.0.12.tgz /Users/derekcaneja/.npm/cd38334f-mjs-org-opencv-opencv-0-0-12-tgz.lock
43 verbose addRemoteTarball [ 'https://registry.npmjs.org/opencv/-/opencv-0.0.12.tgz',
43 verbose addRemoteTarball   '0e54f592bb8c2c7f2db0ecdf743828e9fc257053' ]
44 info retry fetch attempt 1 at 19:25:19
45 verbose fetch to= /var/folders/x_/8hh9t6m16jv9t28krvv_ksth0000gn/T/npm-34153/1364084719582-0.3274325749371201/tmp.tgz
46 http GET https://registry.npmjs.org/opencv/-/opencv-0.0.12.tgz
47 http 200 https://registry.npmjs.org/opencv/-/opencv-0.0.12.tgz
48 silly shasum updated bytes 40960
49 silly shasum updated bytes 40960
50 silly shasum updated bytes 40960
51 silly shasum updated bytes 40960
52 silly shasum updated bytes 40960
53 silly shasum updated bytes 40960
54 silly shasum updated bytes 40960
55 silly shasum updated bytes 40960
56 silly shasum updated bytes 40960
57 silly shasum updated bytes 40960
58 silly shasum updated bytes 40960
59 silly shasum updated bytes 40960
60 silly shasum updated bytes 40960
61 silly shasum updated bytes 40960
62 silly shasum updated bytes 40960
63 silly shasum updated bytes 40960
64 silly shasum updated bytes 40960
65 silly shasum updated bytes 40960
66 silly shasum updated bytes 40960
67 silly shasum updated bytes 40960
68 silly shasum updated bytes 40960
69 silly shasum updated bytes 40960
70 silly shasum updated bytes 40960
71 silly shasum updated bytes 40960
72 silly shasum updated bytes 40960
73 silly shasum updated bytes 40960
74 silly shasum updated bytes 40960
75 silly shasum updated bytes 40960
76 silly shasum updated bytes 40960
77 silly shasum updated bytes 40960
78 silly shasum updated bytes 40960
79 silly shasum updated bytes 40960
80 silly shasum updated bytes 40960
81 silly shasum updated bytes 40960
82 silly shasum updated bytes 40960
83 silly shasum updated bytes 40960
84 silly shasum updated bytes 40960
85 silly shasum updated bytes 40960
86 silly shasum updated bytes 40960
87 silly shasum updated bytes 40960
88 silly shasum updated bytes 40960
89 silly shasum updated bytes 40960
90 silly shasum updated bytes 40960
91 silly shasum updated bytes 40960
92 silly shasum updated bytes 40960
93 silly shasum updated bytes 40960
94 silly shasum updated bytes 40960
95 silly shasum updated bytes 40960
96 silly shasum updated bytes 40960
97 silly shasum updated bytes 40960
98 silly shasum updated bytes 40960
99 silly shasum updated bytes 40960
100 silly shasum updated bytes 40960
101 silly shasum updated bytes 40960
102 silly shasum updated bytes 40960
103 silly shasum updated bytes 40960
104 silly shasum updated bytes 40960
105 silly shasum updated bytes 40960
106 silly shasum updated bytes 40960
107 silly shasum updated bytes 40960
108 silly shasum updated bytes 40960
109 silly shasum updated bytes 40960
110 silly shasum updated bytes 40960
111 silly shasum updated bytes 40960
112 silly shasum updated bytes 40960
113 silly shasum updated bytes 40960
114 silly shasum updated bytes 40960
115 silly shasum updated bytes 40960
116 silly shasum updated bytes 40960
117 silly shasum updated bytes 40960
118 silly shasum updated bytes 40960
119 silly shasum updated bytes 40960
120 silly shasum updated bytes 40960
121 silly shasum updated bytes 40960
122 silly shasum updated bytes 40960
123 silly shasum updated bytes 40960
124 silly shasum updated bytes 40960
125 silly shasum updated bytes 40960
126 silly shasum updated bytes 40960
127 silly shasum updated bytes 40960
128 silly shasum updated bytes 40960
129 silly shasum updated bytes 40960
130 silly shasum updated bytes 40960
131 silly shasum updated bytes 40960
132 silly shasum updated bytes 40960
133 silly shasum updated bytes 40960
134 silly shasum updated bytes 40960
135 silly shasum updated bytes 40960
136 silly shasum updated bytes 1990
137 info shasum 0e54f592bb8c2c7f2db0ecdf743828e9fc257053
137 info shasum /var/folders/x_/8hh9t6m16jv9t28krvv_ksth0000gn/T/npm-34153/1364084719582-0.3274325749371201/tmp.tgz
138 verbose tar unpack /var/folders/x_/8hh9t6m16jv9t28krvv_ksth0000gn/T/npm-34153/1364084719582-0.3274325749371201/tmp.tgz
139 silly lockFile 649a55ab-19582-0-3274325749371201-package /var/folders/x_/8hh9t6m16jv9t28krvv_ksth0000gn/T/npm-34153/1364084719582-0.3274325749371201/package
140 verbose lock /var/folders/x_/8hh9t6m16jv9t28krvv_ksth0000gn/T/npm-34153/1364084719582-0.3274325749371201/package /Users/derekcaneja/.npm/649a55ab-19582-0-3274325749371201-package.lock
141 silly gunzTarPerm modes [ '755', '644' ]
142 silly gunzTarPerm extractEntry package.json
143 silly gunzTarPerm extractEntry .npmignore
144 silly gunzTarPerm extractEntry README.md
145 silly gunzTarPerm extractEntry data/haarcascade_mcs_eyepair_big.xml
146 silly gunzTarPerm extractEntry data/haarcascade_eye.xml
147 silly gunzTarPerm extractEntry data/haarcascade_frontalface_alt.xml
148 silly gunzTarPerm extractEntry data/haarcascade_frontalface_alt2.xml
149 silly gunzTarPerm extractEntry data/haarcascade_frontalface_alt_tree.xml
150 silly gunzTarPerm extractEntry data/haarcascade_frontalface_default.xml
151 silly gunzTarPerm extractEntry data/haarcascade_fullbody.xml
152 silly gunzTarPerm extractEntry data/haarcascade_lefteye_2splits.xml
153 silly gunzTarPerm extractEntry data/haarcascade_lowerbody.xml
154 silly gunzTarPerm extractEntry data/haarcascade_eye_tree_eyeglasses.xml
155 silly gunzTarPerm extractEntry data/haarcascade_mcs_eyepair_small.xml
156 silly gunzTarPerm extractEntry data/haarcascade_mcs_lefteye.xml
157 silly gunzTarPerm extractEntry data/haarcascade_mcs_mouth.xml
158 silly gunzTarPerm extractEntry data/haarcascade_mcs_nose.xml
159 silly gunzTarPerm extractEntry data/haarcascade_mcs_righteye.xml
160 silly gunzTarPerm extractEntry data/haarcascade_mcs_upperbody.xml
161 silly gunzTarPerm extractEntry data/haarcascade_profileface.xml
162 silly gunzTarPerm extractEntry data/haarcascade_righteye_2splits.xml
163 silly gunzTarPerm extractEntry data/haarcascade_upperbody.xml
164 silly gunzTarPerm extractEntry .package.json.un~
165 silly gunzTarPerm extractEntry .README.md.un~
166 silly gunzTarPerm extractEntry .temp.coffee.un~
167 silly gunzTarPerm extractEntry .temp.js.un~
168 silly gunzTarPerm extractEntry .travis.yml
169 silly gunzTarPerm extractEntry binding.gyp
170 silly gunzTarPerm extractEntry ..travis.yml.un~
171 silly gunzTarPerm extractEntry examples/Face.js
172 silly gunzTarPerm extractEntry examples/camera.js
173 silly gunzTarPerm extractEntry examples/color_filter.js
174 silly gunzTarPerm extractEntry examples/contours.js
175 silly gunzTarPerm extractEntry examples/convert_image.js
176 silly gunzTarPerm extractEntry examples/addweighted.js
177 silly gunzTarPerm extractEntry examples/face-proxy.js
178 silly gunzTarPerm extractEntry examples/face_detection.js
179 silly gunzTarPerm extractEntry examples/motion-track.js
180 silly gunzTarPerm extractEntry examples/quad-crosses.js
181 silly gunzTarPerm extractEntry examples/salt.js
182 silly gunzTarPerm extractEntry examples/detect-shapes.js
183 silly gunzTarPerm extractEntry examples/coin2.jpg
184 silly gunzTarPerm extractEntry examples/make-example-files.sh
185 silly gunzTarPerm extractEntry examples/mona.png
186 silly gunzTarPerm extractEntry examples/.make-example-files.sh.un~
187 silly gunzTarPerm extractEntry examples/motion.mov
188 silly gunzTarPerm extractEntry examples/over_text.png
189 silly gunzTarPerm extractEntry examples/coin1.jpg
190 silly gunzTarPerm extractEntry examples/quads.jpg
191 silly gunzTarPerm extractEntry examples/.motion-track.js.un~
192 silly gunzTarPerm extractEntry examples/shapes.jpg
193 silly gunzTarPerm extractEntry examples/stuff.png
194 silly gunzTarPerm extractEntry index.html
195 silly gunzTarPerm extractEntry lib/bindings.js
196 silly gunzTarPerm extractEntry lib/opencv.js
197 silly gunzTarPerm extractEntry lib/.opencv.js.un~
198 silly gunzTarPerm extractEntry MIT-LICENSE.txt
199 silly gunzTarPerm extractEntry .binding.gyp.un~
200 silly gunzTarPerm extractEntry ..gitignore.un~
201 silly gunzTarPerm extractEntry smoke/smoketest.js
202 silly gunzTarPerm extractEntry smoke/.smoke.sh.un~
203 silly gunzTarPerm extractEntry smoke/.smoketest.js.un~
204 silly gunzTarPerm extractEntry smoke/smoke.sh
205 silly gunzTarPerm extractEntry src/Contours.cc
206 silly gunzTarPerm extractEntry src/.CamShift.cc.un~
207 silly gunzTarPerm extractEntry src/.HighGUI.cc.un~
208 silly gunzTarPerm extractEntry src/.HighGUI.h.un~
209 silly gunzTarPerm extractEntry src/.init.cc.un~
210 silly gunzTarPerm extractEntry src/.Matrix.cc.un~
211 silly gunzTarPerm extractEntry src/.Matrix.h.un~
212 silly gunzTarPerm extractEntry src/.OpenCV.h.un~
213 silly gunzTarPerm extractEntry src/.VideoCaptureWrap.cc.un~
214 silly gunzTarPerm extractEntry src/CamShift.cc
215 silly gunzTarPerm extractEntry src/CamShift.h
216 silly gunzTarPerm extractEntry src/CascadeClassifierWrap.cc
217 silly gunzTarPerm extractEntry src/CascadeClassifierWrap.h
218 silly gunzTarPerm extractEntry src/.CamShift.h.un~
219 silly gunzTarPerm extractEntry src/Contours.h
220 silly gunzTarPerm extractEntry src/HighGUI.cc
221 silly gunzTarPerm extractEntry src/HighGUI.h
222 silly gunzTarPerm extractEntry src/init.cc
223 silly gunzTarPerm extractEntry src/Matrix.cc
224 silly gunzTarPerm extractEntry src/Matrix.h
225 silly gunzTarPerm extractEntry src/OpenCV.cc
226 silly gunzTarPerm extractEntry src/OpenCV.h
227 silly gunzTarPerm extractEntry src/Point.cc
228 silly gunzTarPerm extractEntry src/Point.h
229 silly gunzTarPerm extractEntry src/VideoCaptureWrap.cc
230 silly gunzTarPerm extractEntry src/VideoCaptureWrap.h
231 silly gunzTarPerm extractEntry test/unit.js
232 silly gunzTarPerm extractEntry test/.temp.js.un~
233 silly gunzTarPerm extractEntry test/.unit.js.un~
234 verbose read json /var/folders/x_/8hh9t6m16jv9t28krvv_ksth0000gn/T/npm-34153/1364084719582-0.3274325749371201/package/package.json
235 silly lockFile 649a55ab-19582-0-3274325749371201-package /var/folders/x_/8hh9t6m16jv9t28krvv_ksth0000gn/T/npm-34153/1364084719582-0.3274325749371201/package
236 verbose from cache /var/folders/x_/8hh9t6m16jv9t28krvv_ksth0000gn/T/npm-34153/1364084719582-0.3274325749371201/package/package.json
237 verbose tar pack [ '/Users/derekcaneja/.npm/opencv/0.0.12/package.tgz',
237 verbose tar pack   '/var/folders/x_/8hh9t6m16jv9t28krvv_ksth0000gn/T/npm-34153/1364084719582-0.3274325749371201/package' ]
238 verbose tarball /Users/derekcaneja/.npm/opencv/0.0.12/package.tgz
239 verbose folder /var/folders/x_/8hh9t6m16jv9t28krvv_ksth0000gn/T/npm-34153/1364084719582-0.3274325749371201/package
240 silly lockFile d457ff7b-ja-npm-opencv-0-0-12-package-tgz /Users/derekcaneja/.npm/opencv/0.0.12/package.tgz
241 verbose lock /Users/derekcaneja/.npm/opencv/0.0.12/package.tgz /Users/derekcaneja/.npm/d457ff7b-ja-npm-opencv-0-0-12-package-tgz.lock
242 silly lockFile d457ff7b-ja-npm-opencv-0-0-12-package-tgz /Users/derekcaneja/.npm/opencv/0.0.12/package.tgz
243 silly lockFile 8ecbeea0-caneja-npm-opencv-0-0-12-package /Users/derekcaneja/.npm/opencv/0.0.12/package
244 verbose lock /Users/derekcaneja/.npm/opencv/0.0.12/package /Users/derekcaneja/.npm/8ecbeea0-caneja-npm-opencv-0-0-12-package.lock
245 silly lockFile 8ecbeea0-caneja-npm-opencv-0-0-12-package /Users/derekcaneja/.npm/opencv/0.0.12/package
246 verbose tar unpack /Users/derekcaneja/.npm/opencv/0.0.12/package.tgz
247 silly lockFile 8ecbeea0-caneja-npm-opencv-0-0-12-package /Users/derekcaneja/.npm/opencv/0.0.12/package
248 verbose lock /Users/derekcaneja/.npm/opencv/0.0.12/package /Users/derekcaneja/.npm/8ecbeea0-caneja-npm-opencv-0-0-12-package.lock
249 silly gunzTarPerm modes [ '755', '644' ]
250 silly gunzTarPerm extractEntry package.json
251 silly gunzTarPerm extractEntry .npmignore
252 silly gunzTarPerm extractEntry README.md
253 silly gunzTarPerm extractEntry data/haarcascade_mcs_eyepair_big.xml
254 silly gunzTarPerm extractEntry data/haarcascade_eye.xml
255 silly gunzTarPerm extractEntry data/haarcascade_frontalface_alt.xml
256 silly gunzTarPerm extractEntry data/haarcascade_frontalface_alt2.xml
257 silly gunzTarPerm extractEntry data/haarcascade_frontalface_alt_tree.xml
258 silly gunzTarPerm extractEntry data/haarcascade_frontalface_default.xml
259 silly gunzTarPerm extractEntry data/haarcascade_fullbody.xml
260 silly gunzTarPerm extractEntry data/haarcascade_lefteye_2splits.xml
261 silly gunzTarPerm extractEntry data/haarcascade_lowerbody.xml
262 silly gunzTarPerm extractEntry data/haarcascade_eye_tree_eyeglasses.xml
263 silly gunzTarPerm extractEntry data/haarcascade_mcs_eyepair_small.xml
264 silly gunzTarPerm extractEntry data/haarcascade_mcs_lefteye.xml
265 silly gunzTarPerm extractEntry data/haarcascade_mcs_mouth.xml
266 silly gunzTarPerm extractEntry data/haarcascade_mcs_nose.xml
267 silly gunzTarPerm extractEntry data/haarcascade_mcs_righteye.xml
268 silly gunzTarPerm extractEntry data/haarcascade_mcs_upperbody.xml
269 silly gunzTarPerm extractEntry data/haarcascade_profileface.xml
270 silly gunzTarPerm extractEntry data/haarcascade_righteye_2splits.xml
271 silly gunzTarPerm extractEntry data/haarcascade_upperbody.xml
272 silly gunzTarPerm extractEntry .package.json.un~
273 silly gunzTarPerm extractEntry .README.md.un~
274 silly gunzTarPerm extractEntry .temp.coffee.un~
275 silly gunzTarPerm extractEntry .temp.js.un~
276 silly gunzTarPerm extractEntry .travis.yml
277 silly gunzTarPerm extractEntry binding.gyp
278 silly gunzTarPerm extractEntry ..travis.yml.un~
279 silly gunzTarPerm extractEntry examples/Face.js
280 silly gunzTarPerm extractEntry examples/camera.js
281 silly gunzTarPerm extractEntry examples/color_filter.js
282 silly gunzTarPerm extractEntry examples/contours.js
283 silly gunzTarPerm extractEntry examples/convert_image.js
284 silly gunzTarPerm extractEntry examples/addweighted.js
285 silly gunzTarPerm extractEntry examples/face-proxy.js
286 silly gunzTarPerm extractEntry examples/face_detection.js
287 silly gunzTarPerm extractEntry examples/motion-track.js
288 silly gunzTarPerm extractEntry examples/quad-crosses.js
289 silly gunzTarPerm extractEntry examples/salt.js
290 silly gunzTarPerm extractEntry examples/detect-shapes.js
291 silly gunzTarPerm extractEntry examples/coin2.jpg
292 silly gunzTarPerm extractEntry examples/make-example-files.sh
293 silly gunzTarPerm extractEntry examples/mona.png
294 silly gunzTarPerm extractEntry examples/.make-example-files.sh.un~
295 silly gunzTarPerm extractEntry examples/motion.mov
296 silly gunzTarPerm extractEntry examples/over_text.png
297 silly gunzTarPerm extractEntry examples/coin1.jpg
298 silly gunzTarPerm extractEntry examples/quads.jpg
299 silly gunzTarPerm extractEntry examples/.motion-track.js.un~
300 silly gunzTarPerm extractEntry examples/shapes.jpg
301 silly gunzTarPerm extractEntry examples/stuff.png
302 silly gunzTarPerm extractEntry index.html
303 silly gunzTarPerm extractEntry lib/bindings.js
304 silly gunzTarPerm extractEntry lib/opencv.js
305 silly gunzTarPerm extractEntry lib/.opencv.js.un~
306 silly gunzTarPerm extractEntry MIT-LICENSE.txt
307 silly gunzTarPerm extractEntry .binding.gyp.un~
308 silly gunzTarPerm extractEntry ..gitignore.un~
309 silly gunzTarPerm extractEntry smoke/smoketest.js
310 silly gunzTarPerm extractEntry smoke/.smoke.sh.un~
311 silly gunzTarPerm extractEntry smoke/.smoketest.js.un~
312 silly gunzTarPerm extractEntry smoke/smoke.sh
313 silly gunzTarPerm extractEntry src/Contours.cc
314 silly gunzTarPerm extractEntry src/.CamShift.cc.un~
315 silly gunzTarPerm extractEntry src/.HighGUI.cc.un~
316 silly gunzTarPerm extractEntry src/.HighGUI.h.un~
317 silly gunzTarPerm extractEntry src/.init.cc.un~
318 silly gunzTarPerm extractEntry src/.Matrix.cc.un~
319 silly gunzTarPerm extractEntry src/.Matrix.h.un~
320 silly gunzTarPerm extractEntry src/.OpenCV.h.un~
321 silly gunzTarPerm extractEntry src/.VideoCaptureWrap.cc.un~
322 silly gunzTarPerm extractEntry src/CamShift.cc
323 silly gunzTarPerm extractEntry src/CamShift.h
324 silly gunzTarPerm extractEntry src/CascadeClassifierWrap.cc
325 silly gunzTarPerm extractEntry src/CascadeClassifierWrap.h
326 silly gunzTarPerm extractEntry src/.CamShift.h.un~
327 silly gunzTarPerm extractEntry src/Contours.h
328 silly gunzTarPerm extractEntry src/HighGUI.cc
329 silly gunzTarPerm extractEntry src/HighGUI.h
330 silly gunzTarPerm extractEntry src/init.cc
331 silly gunzTarPerm extractEntry src/Matrix.cc
332 silly gunzTarPerm extractEntry src/Matrix.h
333 silly gunzTarPerm extractEntry src/OpenCV.cc
334 silly gunzTarPerm extractEntry src/OpenCV.h
335 silly gunzTarPerm extractEntry src/Point.cc
336 silly gunzTarPerm extractEntry src/Point.h
337 silly gunzTarPerm extractEntry src/VideoCaptureWrap.cc
338 silly gunzTarPerm extractEntry src/VideoCaptureWrap.h
339 silly gunzTarPerm extractEntry test/unit.js
340 silly gunzTarPerm extractEntry test/.temp.js.un~
341 silly gunzTarPerm extractEntry test/.unit.js.un~
342 verbose read json /Users/derekcaneja/.npm/opencv/0.0.12/package/package.json
343 silly lockFile 8ecbeea0-caneja-npm-opencv-0-0-12-package /Users/derekcaneja/.npm/opencv/0.0.12/package
344 silly shasum updated bytes 40960
345 silly shasum updated bytes 40960
346 silly shasum updated bytes 40960
347 silly shasum updated bytes 40960
348 silly shasum updated bytes 40960
349 silly shasum updated bytes 40960
350 silly shasum updated bytes 40960
351 silly shasum updated bytes 40960
352 silly shasum updated bytes 40960
353 silly shasum updated bytes 40960
354 silly shasum updated bytes 40960
355 silly shasum updated bytes 40960
356 silly shasum updated bytes 40960
357 silly shasum updated bytes 40960
358 silly shasum updated bytes 40960
359 silly shasum updated bytes 40960
360 silly shasum updated bytes 40960
361 silly shasum updated bytes 40960
362 silly shasum updated bytes 40960
363 silly shasum updated bytes 40960
364 silly shasum updated bytes 40960
365 silly shasum updated bytes 40960
366 silly shasum updated bytes 40960
367 silly shasum updated bytes 40960
368 silly shasum updated bytes 40960
369 silly shasum updated bytes 40960
370 silly shasum updated bytes 40960
371 silly shasum updated bytes 40960
372 silly shasum updated bytes 40960
373 silly shasum updated bytes 40960
374 silly shasum updated bytes 40960
375 silly shasum updated bytes 40960
376 silly shasum updated bytes 40960
377 silly shasum updated bytes 40960
378 silly shasum updated bytes 40960
379 silly shasum updated bytes 40960
380 silly shasum updated bytes 40960
381 silly shasum updated bytes 40960
382 silly shasum updated bytes 40960
383 silly shasum updated bytes 40960
384 silly shasum updated bytes 40960
385 silly shasum updated bytes 40960
386 silly shasum updated bytes 40960
387 silly shasum updated bytes 40960
388 silly shasum updated bytes 40960
389 silly shasum updated bytes 40960
390 silly shasum updated bytes 40960
391 silly shasum updated bytes 40960
392 silly shasum updated bytes 40960
393 silly shasum updated bytes 40960
394 silly shasum updated bytes 40960
395 silly shasum updated bytes 40960
396 silly shasum updated bytes 40960
397 silly shasum updated bytes 40960
398 silly shasum updated bytes 40960
399 silly shasum updated bytes 40960
400 silly shasum updated bytes 40960
401 silly shasum updated bytes 40960
402 silly shasum updated bytes 40960
403 silly shasum updated bytes 40960
404 silly shasum updated bytes 40960
405 silly shasum updated bytes 40960
406 silly shasum updated bytes 40960
407 silly shasum updated bytes 40960
408 silly shasum updated bytes 40960
409 silly shasum updated bytes 40960
410 silly shasum updated bytes 40960
411 silly shasum updated bytes 40960
412 silly shasum updated bytes 40960
413 silly shasum updated bytes 40960
414 silly shasum updated bytes 40960
415 silly shasum updated bytes 40960
416 silly shasum updated bytes 40960
417 silly shasum updated bytes 40960
418 silly shasum updated bytes 40960
419 silly shasum updated bytes 40960
420 silly shasum updated bytes 40960
421 silly shasum updated bytes 40960
422 silly shasum updated bytes 40960
423 silly shasum updated bytes 40960
424 silly shasum updated bytes 40960
425 silly shasum updated bytes 40960
426 silly shasum updated bytes 40960
427 silly shasum updated bytes 40960
428 silly shasum updated bytes 40960
429 silly shasum updated bytes 40960
430 silly shasum updated bytes 40960
431 silly shasum updated bytes 40960
432 silly shasum updated bytes 1990
433 info shasum 0e54f592bb8c2c7f2db0ecdf743828e9fc257053
433 info shasum /Users/derekcaneja/.npm/opencv/0.0.12/package.tgz
434 verbose from cache /Users/derekcaneja/.npm/opencv/0.0.12/package/package.json
435 verbose chmod /Users/derekcaneja/.npm/opencv/0.0.12/package.tgz 644
436 verbose chown /Users/derekcaneja/.npm/opencv/0.0.12/package.tgz [ 501, 20 ]
437 silly lockFile cd38334f-mjs-org-opencv-opencv-0-0-12-tgz https://registry.npmjs.org/opencv/-/opencv-0.0.12.tgz
438 silly lockFile abade6f9-opencv-0-0-12 opencv@0.0.12
439 silly lockFile 4da5a9ce-opencv opencv@
440 silly resolved [ { name: 'opencv',
440 silly resolved     description: 'Node Bindings to OpenCV',
440 silly resolved     author: { name: 'Peter Braden', email: 'peterbraden@peterbraden.co.uk' },
440 silly resolved     dependencies: { buffers: '0.1.1' },
440 silly resolved     version: '0.0.12',
440 silly resolved     devDependencies: { vows: '*' },
440 silly resolved     engine: 'node >= 0.4.1',
440 silly resolved     scripts:
440 silly resolved      { preinstall: 'node-gyp clean rebuild',
440 silly resolved        test: 'vows test/unit.js' },
440 silly resolved     keywords: [ 'opencv', 'computer', 'vision', 'quadrocopter' ],
440 silly resolved     main: './lib/opencv',
440 silly resolved     readme: '# node-opencv \n\n[![Build Status](https://secure.travis-ci.org/peterbraden/node-opencv.png)](http://travis-ci.org/peterbraden/node-opencv)\n\n\n[OpenCV](http://opencv.willowgarage.com/wiki/) bindings for Node.js. OpenCV is the defacto computer vision library - by interfacing with it natively in node, we get powerful real time vision in js.\n\nPeople are using node-opencv to fly control quadrocoptors, detect faces from webcam images and annotate video streams. If you\'re using it for something cool, I\'d love to hear about it!\n\n## Install\n\nYou\'ll need OpenCV 2.3.1 installed.\n\nThen:\n\n\n        npm install opencv\n\n\nOr to build the repo:\n\n\n        node-gyp rebuild\n\n\n## Examples\n\n### Face Detection\n\n\n        cv.readImage("./examples/test.jpg", function(err, im){\n          im.detectObject(cv.FACE_CASCADE, {}, function(err, faces){\n            for (var i=0;i<faces.length; i++){\n              var x = faces[i]\n              im.ellipse(x.x + x.width/2, x.y + x.height/2, x.width/2, x.height/2);\n            }\n            im.save(\'./out.jpg\');\n          });\n        })\n\n\n\n## API Documentation\n\n### Matrix\n\nThe [matrix](http://opencv.jp/opencv-2svn_org/cpp/core_basic_structures.html#mat) is the most useful\nbase datastructure in OpenCV. Things like images are just matrices of pixels.\n\n#### Creation\n\n        new Matrix(rows, cols)\n\nOr if you\'re thinking of a Matrix as an image:\n\n        new Matrix(height, width)\n\nOr you can use opencv to read in image files. Supported formats are in the OpenCV docs, but jpgs etc are supported.\n\n        cv.readImage(filename, function(mat){\n          ...\n        })\n\n        cv.readImage(buffer, function(mat){\n          ...\n        })\n\nIf you need to pipe data into an image, you can use an ImageDataStream:\n\n        var s = new cv.ImageDataStream()\n\n        s.on(\'load\', function(matrix){\n          ...\n        })\n\n        fs.createReadStream(\'./examples/test.jpg\').pipe(s);\n\nIf however, you have a series of images, and you wish to stream them into a\nstream of Matrices, you can use an ImageStream. Thus:\n\n        var s = new cv.ImageStream()\n\n        s.on(\'data\', function(matrix){\n           ...\n        })\n\n        ardrone.createPngStream().pipe(s);\n\nNote: Each \'data\' event into the ImageStream should be a complete image buffer.\n\n\n\n#### Accessing Data\n\n        var mat = new cv.Matrix.Eye(4,4); // Create identity matrix\n\n        mat.get(0,0) // 1\n\n        mat.row(0)  // [1,0,0,0]\n        mat.col(4)  // [0,0,0,1]\n\n\n##### Save\n\n        mat.save(\'./pic.jpg\')\n\nor:\n\n        var buff = mat.toBuffer()\n\n\n#### Image Processing\n\n        im.convertGrayscale()\n        im.canny(5, 300)\n        im.houghLinesP()\n\n\n\n#### Simple Drawing\n\n        im.ellipse(x, y)\n        im.line([x1,y1], [x2, y2])\n\n\n#### Object Detection\n\nThere is a shortcut method for \n[Viola-Jones Haar Cascade](http://www.cognotics.com/opencv/servo_2007_series/part_2/sidebar.html) object \ndetection. This can be used for face detection etc.\n\n\n        mat.detectObject(haar_cascade_xml, opts, function(err, matches){})\n\nFor convenience in face recognition, cv.FACE_CASCADE is a cascade that can be used for frontal face recognition.\n\nAlso:\n\n        mat.goodFeaturesToTrack\n\n\n#### Contours\n\n        mat.findCountours\n        mat.drawContour\n        mat.drawAllContours\n\n### Using Contours\n\n`findContours` returns a `Contours` collection object, not a native array. This object provides\nfunctions for accessing, computing with, and altering the contours contained in it.\nSee [relevant source code](src/Contours.cc) and [examples](examples/)\n\n        var contours = im.findContours;\n\n        # Count of contours in the Contours object\n        contours.size();\n\n        # Count of corners(verticies) of contour `index`\n        contours.cornerCount(index);\n\n        # Access vertex data of contours\n        for(var c = 0; c < contours.size(); ++c) {\n          console.log("Contour " + c);\n          for(var i = 0; i < contours.cornerCount(c); ++i) {\n            var point = contours.point(c, i);\n            console.log("(" + point.x + "," + point.y + ")");"\n          }\n        }\n\n        # Computations of contour `index`\n        contours.area(index);\n        contours.arcLength(index, isClosed);\n        contours.boundingRect(index);\n        contours.minAreaRect(index);\n        contours.isConvex(index);\n\n        # Destructively alter contour `index`\n        contours.approxPolyDP(index, epsilon, isClosed);\n        contours.convexHull(index, clockwise);\n\n## MIT License\nThe library is distributed under the MIT License - if for some reason that \ndoesn\'t work for you please get in touch.\n\n## Changelog\n\n#### 0.0.12\n- Matrix clone()\n- NamedWindow Support\n\n#### 0.0.11\n\n- Bug Fixes\n- ImageStream becomes ImageDataStream, and new ImageStream allows multiple images to be\nstreamed as matrices, for example, with an object detection stream.\n- @ryansouza improved documentation\n- Correcting matrix constructor (thanks @gluxon)\n- @Michael Smith expanded Contours functionality.\n\nThanks all!\n\n#### 0.0.10\n\n- Bug Fixes\n- @Contra added code that allows thickness and color args for ellipse\n- Camshift Support\n- @jtlebi added bindings for erode, gaussianBlur, arcLength, approxPolyDP, isConvex, cornerCount\n- @gluxon added bindings for inRange\n\nThanks everyone!\n\n#### 0.0.9\n\n- toBuffer can now take a callback and be run async (re #21)\n',
440 silly resolved     _id: 'opencv@0.0.12',
440 silly resolved     dist: { shasum: '0e54f592bb8c2c7f2db0ecdf743828e9fc257053' },
440 silly resolved     _from: 'opencv' } ]
441 info install opencv@0.0.12 into /Users/derekcaneja/Documents/Git/big-kc
442 info installOne opencv@0.0.12
443 verbose from cache /Users/derekcaneja/.npm/opencv/0.0.12/package/package.json
444 info /Users/derekcaneja/Documents/Git/big-kc/node_modules/opencv unbuild
445 verbose read json /Users/derekcaneja/Documents/Git/big-kc/node_modules/opencv/package.json
446 verbose tar unpack /Users/derekcaneja/.npm/opencv/0.0.12/package.tgz
447 silly lockFile db9dd0a7-s-Git-big-kc-node-modules-opencv /Users/derekcaneja/Documents/Git/big-kc/node_modules/opencv
448 verbose lock /Users/derekcaneja/Documents/Git/big-kc/node_modules/opencv /Users/derekcaneja/.npm/db9dd0a7-s-Git-big-kc-node-modules-opencv.lock
449 silly gunzTarPerm modes [ '755', '644' ]
450 silly gunzTarPerm extractEntry package.json
451 silly gunzTarPerm extractEntry .npmignore
452 silly gunzTarPerm extractEntry README.md
453 silly gunzTarPerm extractEntry data/haarcascade_mcs_eyepair_big.xml
454 silly gunzTarPerm extractEntry data/haarcascade_eye.xml
455 silly gunzTarPerm extractEntry data/haarcascade_frontalface_alt.xml
456 silly gunzTarPerm extractEntry data/haarcascade_frontalface_alt2.xml
457 silly gunzTarPerm extractEntry data/haarcascade_frontalface_alt_tree.xml
458 silly gunzTarPerm extractEntry data/haarcascade_frontalface_default.xml
459 silly gunzTarPerm extractEntry data/haarcascade_fullbody.xml
460 silly gunzTarPerm extractEntry data/haarcascade_lefteye_2splits.xml
461 silly gunzTarPerm extractEntry data/haarcascade_lowerbody.xml
462 silly gunzTarPerm extractEntry data/haarcascade_eye_tree_eyeglasses.xml
463 silly gunzTarPerm extractEntry data/haarcascade_mcs_eyepair_small.xml
464 silly gunzTarPerm extractEntry data/haarcascade_mcs_lefteye.xml
465 silly gunzTarPerm extractEntry data/haarcascade_mcs_mouth.xml
466 silly gunzTarPerm extractEntry data/haarcascade_mcs_nose.xml
467 silly gunzTarPerm extractEntry data/haarcascade_mcs_righteye.xml
468 silly gunzTarPerm extractEntry data/haarcascade_mcs_upperbody.xml
469 silly gunzTarPerm extractEntry data/haarcascade_profileface.xml
470 silly gunzTarPerm extractEntry data/haarcascade_righteye_2splits.xml
471 silly gunzTarPerm extractEntry data/haarcascade_upperbody.xml
472 silly gunzTarPerm extractEntry .package.json.un~
473 silly gunzTarPerm extractEntry .README.md.un~
474 silly gunzTarPerm extractEntry .temp.coffee.un~
475 silly gunzTarPerm extractEntry .temp.js.un~
476 silly gunzTarPerm extractEntry .travis.yml
477 silly gunzTarPerm extractEntry binding.gyp
478 silly gunzTarPerm extractEntry ..travis.yml.un~
479 silly gunzTarPerm extractEntry examples/Face.js
480 silly gunzTarPerm extractEntry examples/camera.js
481 silly gunzTarPerm extractEntry examples/color_filter.js
482 silly gunzTarPerm extractEntry examples/contours.js
483 silly gunzTarPerm extractEntry examples/convert_image.js
484 silly gunzTarPerm extractEntry examples/addweighted.js
485 silly gunzTarPerm extractEntry examples/face-proxy.js
486 silly gunzTarPerm extractEntry examples/face_detection.js
487 silly gunzTarPerm extractEntry examples/motion-track.js
488 silly gunzTarPerm extractEntry examples/quad-crosses.js
489 silly gunzTarPerm extractEntry examples/salt.js
490 silly gunzTarPerm extractEntry examples/detect-shapes.js
491 silly gunzTarPerm extractEntry examples/coin2.jpg
492 silly gunzTarPerm extractEntry examples/make-example-files.sh
493 silly gunzTarPerm extractEntry examples/mona.png
494 silly gunzTarPerm extractEntry examples/.make-example-files.sh.un~
495 silly gunzTarPerm extractEntry examples/motion.mov
496 silly gunzTarPerm extractEntry examples/over_text.png
497 silly gunzTarPerm extractEntry examples/coin1.jpg
498 silly gunzTarPerm extractEntry examples/quads.jpg
499 silly gunzTarPerm extractEntry examples/.motion-track.js.un~
500 silly gunzTarPerm extractEntry examples/shapes.jpg
501 silly gunzTarPerm extractEntry examples/stuff.png
502 silly gunzTarPerm extractEntry index.html
503 silly gunzTarPerm extractEntry lib/bindings.js
504 silly gunzTarPerm extractEntry lib/opencv.js
505 silly gunzTarPerm extractEntry lib/.opencv.js.un~
506 silly gunzTarPerm extractEntry MIT-LICENSE.txt
507 silly gunzTarPerm extractEntry .binding.gyp.un~
508 silly gunzTarPerm extractEntry ..gitignore.un~
509 silly gunzTarPerm extractEntry smoke/smoketest.js
510 silly gunzTarPerm extractEntry smoke/.smoke.sh.un~
511 silly gunzTarPerm extractEntry smoke/.smoketest.js.un~
512 silly gunzTarPerm extractEntry smoke/smoke.sh
513 silly gunzTarPerm extractEntry src/Contours.cc
514 silly gunzTarPerm extractEntry src/.CamShift.cc.un~
515 silly gunzTarPerm extractEntry src/.HighGUI.cc.un~
516 silly gunzTarPerm extractEntry src/.HighGUI.h.un~
517 silly gunzTarPerm extractEntry src/.init.cc.un~
518 silly gunzTarPerm extractEntry src/.Matrix.cc.un~
519 silly gunzTarPerm extractEntry src/.Matrix.h.un~
520 silly gunzTarPerm extractEntry src/.OpenCV.h.un~
521 silly gunzTarPerm extractEntry src/.VideoCaptureWrap.cc.un~
522 silly gunzTarPerm extractEntry src/CamShift.cc
523 silly gunzTarPerm extractEntry src/CamShift.h
524 silly gunzTarPerm extractEntry src/CascadeClassifierWrap.cc
525 silly gunzTarPerm extractEntry src/CascadeClassifierWrap.h
526 silly gunzTarPerm extractEntry src/.CamShift.h.un~
527 silly gunzTarPerm extractEntry src/Contours.h
528 silly gunzTarPerm extractEntry src/HighGUI.cc
529 silly gunzTarPerm extractEntry src/HighGUI.h
530 silly gunzTarPerm extractEntry src/init.cc
531 silly gunzTarPerm extractEntry src/Matrix.cc
532 silly gunzTarPerm extractEntry src/Matrix.h
533 silly gunzTarPerm extractEntry src/OpenCV.cc
534 silly gunzTarPerm extractEntry src/OpenCV.h
535 silly gunzTarPerm extractEntry src/Point.cc
536 silly gunzTarPerm extractEntry src/Point.h
537 silly gunzTarPerm extractEntry src/VideoCaptureWrap.cc
538 silly gunzTarPerm extractEntry src/VideoCaptureWrap.h
539 silly gunzTarPerm extractEntry test/unit.js
540 silly gunzTarPerm extractEntry test/.temp.js.un~
541 silly gunzTarPerm extractEntry test/.unit.js.un~
542 verbose read json /Users/derekcaneja/Documents/Git/big-kc/node_modules/opencv/package.json
543 silly lockFile db9dd0a7-s-Git-big-kc-node-modules-opencv /Users/derekcaneja/Documents/Git/big-kc/node_modules/opencv
544 info preinstall opencv@0.0.12
545 verbose unsafe-perm in lifecycle true
546 silly exec sh "-c" "node-gyp clean rebuild"
547 silly sh,-c,node-gyp clean rebuild,/Users/derekcaneja/Documents/Git/big-kc/node_modules/opencv spawning
548 info opencv@0.0.12 Failed to exec preinstall script
549 info /Users/derekcaneja/Documents/Git/big-kc/node_modules/opencv unbuild
550 verbose from cache /Users/derekcaneja/Documents/Git/big-kc/node_modules/opencv/package.json
551 info preuninstall opencv@0.0.12
552 info uninstall opencv@0.0.12
553 verbose true,/Users/derekcaneja/Documents/Git/big-kc/node_modules,/Users/derekcaneja/Documents/Git/big-kc/node_modules unbuild opencv@0.0.12
554 info postuninstall opencv@0.0.12
555 error opencv@0.0.12 preinstall: `node-gyp clean rebuild`
555 error `sh "-c" "node-gyp clean rebuild"` failed with 1
556 error Failed at the opencv@0.0.12 preinstall script.
556 error This is most likely a problem with the opencv package,
556 error not with npm itself.
556 error Tell the author that this fails on your system:
556 error     node-gyp clean rebuild
556 error You can get their info via:
556 error     npm owner ls opencv
556 error There is likely additional logging output above.
557 error System Darwin 11.4.2
558 error command "node" "/usr/local/bin/npm" "install" "opencv"
559 error cwd /Users/derekcaneja/Documents/Git/big-kc
560 error node -v v0.8.3
561 error npm -v 1.1.43
562 error code ELIFECYCLE
563 error stack Error: opencv@0.0.12 preinstall: `node-gyp clean rebuild`
563 error stack `sh "-c" "node-gyp clean rebuild"` failed with 1
563 error stack     at ChildProcess.<anonymous> (/usr/local/lib/node_modules/npm/lib/utils/exec.js:56:20)
563 error stack     at ChildProcess.EventEmitter.emit (events.js:91:17)
563 error stack     at Process._handle.onexit (child_process.js:674:10)
564 verbose exit [ 1, true ]
